Comienza la ejecucion. 18/02/2022 07:26:58 PM
Starting new HTTPS connection (1): datos.cultura.gob.ar:443 18/02/2022 07:26:58 PM
https://datos.cultura.gob.ar:443 "GET /dataset/37305de4-3cce-4d4b-9d9a-fec3ca61d09f/resource/4207def0-2ff7-41d5-9095-d42ae8207a5d/download/museo.csv HTTP/1.1" 200 307629 18/02/2022 07:27:00 PM
Arvhico csv, museos actualizado. 18/02/2022 07:27:01 PM
Starting new HTTPS connection (1): datos.cultura.gob.ar:443 18/02/2022 07:27:01 PM
https://datos.cultura.gob.ar:443 "GET /dataset/37305de4-3cce-4d4b-9d9a-fec3ca61d09f/resource/01c6c048-dbeb-44e0-8efa-6944f73715d7/download/biblioteca_popular.csv HTTP/1.1" 200 511527 18/02/2022 07:27:02 PM
Arvhico csv, bibliotecas actualizado. 18/02/2022 07:27:04 PM
Starting new HTTPS connection (1): datos.cultura.gob.ar:443 18/02/2022 07:27:04 PM
https://datos.cultura.gob.ar:443 "GET /dataset/37305de4-3cce-4d4b-9d9a-fec3ca61d09f/resource/392ce1a8-ef11-4776-b280-6f1c7fae16ae/download/cine.csv HTTP/1.1" 200 96427 18/02/2022 07:27:06 PM
Arvhico csv, cines actualizado. 18/02/2022 07:27:07 PM
Connection, engine, ok!  18/02/2022 07:27:07 PM
Tablas Creadas 18/02/2022 07:27:07 PM
Connection, engine, ok!  18/02/2022 07:27:07 PM
Datos Para Tabla total_data Preparados 18/02/2022 07:27:07 PM
Datos Para Tabla registros_x_categoria Preparados 18/02/2022 07:27:08 PM
Datos Para Tabla cine_data Preparados 18/02/2022 07:27:08 PM
Finalizo la ejecucion. 18/02/2022 07:27:08 PM
Comienza la ejecucion. 18/02/2022 07:31:43 PM
Starting new HTTPS connection (1): datos.cultura.gob.ar:443 18/02/2022 07:31:43 PM
https://datos.cultura.gob.ar:443 "GET /dataset/37305de4-3cce-4d4b-9d9a-fec3ca61d09f/resource/4207def0-2ff7-41d5-9095-d42ae8207a5d/download/museo.csv HTTP/1.1" 200 307629 18/02/2022 07:31:45 PM
Arvhico csv, museos actualizado. 18/02/2022 07:31:46 PM
Starting new HTTPS connection (1): datos.cultura.gob.ar:443 18/02/2022 07:31:46 PM
https://datos.cultura.gob.ar:443 "GET /dataset/37305de4-3cce-4d4b-9d9a-fec3ca61d09f/resource/01c6c048-dbeb-44e0-8efa-6944f73715d7/download/biblioteca_popular.csv HTTP/1.1" 200 511527 18/02/2022 07:31:48 PM
Arvhico csv, bibliotecas actualizado. 18/02/2022 07:31:48 PM
Starting new HTTPS connection (1): datos.cultura.gob.ar:443 18/02/2022 07:31:48 PM
https://datos.cultura.gob.ar:443 "GET /dataset/37305de4-3cce-4d4b-9d9a-fec3ca61d09f/resource/392ce1a8-ef11-4776-b280-6f1c7fae16ae/download/cine.csv HTTP/1.1" 200 None 18/02/2022 07:31:50 PM
Arvhico csv, cines actualizado. 18/02/2022 07:31:51 PM
Connection, engine, ok!  18/02/2022 07:31:51 PM
Tablas Creadas 18/02/2022 07:31:51 PM
Connection, engine, ok!  18/02/2022 07:31:51 PM
Datos Para Tabla total_data Preparados 18/02/2022 07:31:51 PM
Datos Para Tabla registros_x_categoria Preparados 18/02/2022 07:31:52 PM
Datos Para Tabla cine_data Preparados 18/02/2022 07:31:52 PM
Finalizo la ejecucion. 18/02/2022 07:31:52 PM
Comienza la ejecucion. 18/02/2022 07:42:53 PM
Starting new HTTPS connection (1): datos.cultura.gob.ar:443 18/02/2022 07:42:53 PM
https://datos.cultura.gob.ar:443 "GET /dataset/37305de4-3cce-4d4b-9d9a-fec3ca61d09f/resource/4207def0-2ff7-41d5-9095-d42ae8207a5d/download/museo.csv HTTP/1.1" 200 307629 18/02/2022 07:42:55 PM
Arvhico csv, museos actualizado. 18/02/2022 07:42:56 PM
Starting new HTTPS connection (1): datos.cultura.gob.ar:443 18/02/2022 07:42:56 PM
https://datos.cultura.gob.ar:443 "GET /dataset/37305de4-3cce-4d4b-9d9a-fec3ca61d09f/resource/01c6c048-dbeb-44e0-8efa-6944f73715d7/download/biblioteca_popular.csv HTTP/1.1" 200 None 18/02/2022 07:42:58 PM
Arvhico csv, bibliotecas actualizado. 18/02/2022 07:42:59 PM
Starting new HTTPS connection (1): datos.cultura.gob.ar:443 18/02/2022 07:42:59 PM
https://datos.cultura.gob.ar:443 "GET /dataset/37305de4-3cce-4d4b-9d9a-fec3ca61d09f/resource/392ce1a8-ef11-4776-b280-6f1c7fae16ae/download/cine.csv HTTP/1.1" 200 96427 18/02/2022 07:43:01 PM
Arvhico csv, cines actualizado. 18/02/2022 07:43:02 PM
Connection, engine, ok!  18/02/2022 07:43:02 PM
Tablas Creadas 18/02/2022 07:43:02 PM
Connection, engine, ok!  18/02/2022 07:43:02 PM
Datos Para Tabla total_data Preparados 18/02/2022 07:43:02 PM
Datos de Museos, Salas de Cine y Bibliotecas Populares Guardados en tabla total_data 18/02/2022 07:43:03 PM
Datos Para Tabla registros_x_categoria Preparados 18/02/2022 07:43:03 PM
Datos de Cantidades Conjuntas Guardados en la tabla registros_x_categoria 18/02/2022 07:43:03 PM
Datos Para Tabla cine_data Preparados 18/02/2022 07:43:03 PM
Datos de Cine Guardados en la tabla cine_data 18/02/2022 07:43:03 PM
Finalizo la ejecucion. 18/02/2022 07:43:03 PM
Comienza la ejecucion. 18/02/2022 07:46:21 PM
Starting new HTTPS connection (1): datos.cultura.gob.ar:443 18/02/2022 07:46:21 PM
https://datos.cultura.gob.ar:443 "GET /dataset/37305de4-3cce-4d4b-9d9a-fec3ca61d09f/resource/4207def0-2ff7-41d5-9095-d42ae8207a5d/download/museo.csv HTTP/1.1" 200 307629 18/02/2022 07:46:23 PM
Arvhico csv, museos actualizado. 18/02/2022 07:46:24 PM
Starting new HTTPS connection (1): datos.cultura.gob.ar:443 18/02/2022 07:46:24 PM
https://datos.cultura.gob.ar:443 "GET /dataset/37305de4-3cce-4d4b-9d9a-fec3ca61d09f/resource/01c6c048-dbeb-44e0-8efa-6944f73715d7/download/biblioteca_popular.csv HTTP/1.1" 200 None 18/02/2022 07:46:25 PM
Arvhico csv, bibliotecas actualizado. 18/02/2022 07:46:26 PM
Starting new HTTPS connection (1): datos.cultura.gob.ar:443 18/02/2022 07:46:26 PM
https://datos.cultura.gob.ar:443 "GET /dataset/37305de4-3cce-4d4b-9d9a-fec3ca61d09f/resource/392ce1a8-ef11-4776-b280-6f1c7fae16ae/download/cine.csv HTTP/1.1" 200 96427 18/02/2022 07:46:28 PM
Arvhico csv, cines actualizado. 18/02/2022 07:46:28 PM
Failed to get database connection! 18/02/2022 07:46:29 PM
Error al crear las tablas 'tuple' object has no attribute '_run_ddl_visitor'  18/02/2022 07:46:29 PM
Failed to get database connection! 18/02/2022 07:46:29 PM
Datos Para Tabla total_data Preparados 18/02/2022 07:46:30 PM
No se pudieron guardar los datos 18/02/2022 07:46:30 PM
Finalizo la ejecucion. 18/02/2022 07:46:30 PM
Comienza la ejecucion. 18/02/2022 07:48:08 PM
Starting new HTTPS connection (1): datos.cultura.gob.ar:443 18/02/2022 07:48:08 PM
https://datos.cultura.gob.ar:443 "GET /dataset/37305de4-3cce-4d4b-9d9a-fec3ca61d09f/resource/4207def0-2ff7-41d5-9095-d42ae8207a5d/download/museo.csv HTTP/1.1" 200 307629 18/02/2022 07:48:09 PM
Arvhico csv, museos actualizado. 18/02/2022 07:48:11 PM
Starting new HTTPS connection (1): datos.cultura.gob.ar:443 18/02/2022 07:48:11 PM
https://datos.cultura.gob.ar:443 "GET /dataset/37305de4-3cce-4d4b-9d9a-fec3ca61d09f/resource/01c6c048-dbeb-44e0-8efa-6944f73715d7/download/biblioteca_popular.csv HTTP/1.1" 200 511527 18/02/2022 07:48:13 PM
Arvhico csv, bibliotecas actualizado. 18/02/2022 07:48:14 PM
Starting new HTTPS connection (1): datos.cultura.gob.ar:443 18/02/2022 07:48:14 PM
https://datos.cultura.gob.ar:443 "GET /dataset/37305de4-3cce-4d4b-9d9a-fec3ca61d09f/resource/392ce1a8-ef11-4776-b280-6f1c7fae16ae/download/cine.csv HTTP/1.1" 200 96427 18/02/2022 07:48:16 PM
Arvhico csv, cines actualizado. 18/02/2022 07:48:16 PM
Failed to get database connection! 18/02/2022 07:48:16 PM
Error al crear las tablas 'tuple' object has no attribute '_run_ddl_visitor'  18/02/2022 07:48:16 PM
Failed to get database connection! 18/02/2022 07:48:17 PM
Datos Para Tabla total_data Preparados 18/02/2022 07:48:17 PM
No se pudieron guardar los datos 18/02/2022 07:48:17 PM
Finalizo la ejecucion. 18/02/2022 07:48:17 PM
Comienza la ejecucion. 18/02/2022 07:49:23 PM
Starting new HTTPS connection (1): datos.cultura.gob.ar:443 18/02/2022 07:49:23 PM
https://datos.cultura.gob.ar:443 "GET /dataset/37305de4-3cce-4d4b-9d9a-fec3ca61d09f/resource/4207def0-2ff7-41d5-9095-d42ae8207a5d/download/museo.csv HTTP/1.1" 200 307629 18/02/2022 07:49:25 PM
Arvhico csv, museos actualizado. 18/02/2022 07:49:26 PM
Starting new HTTPS connection (1): datos.cultura.gob.ar:443 18/02/2022 07:49:26 PM
https://datos.cultura.gob.ar:443 "GET /dataset/37305de4-3cce-4d4b-9d9a-fec3ca61d09f/resource/01c6c048-dbeb-44e0-8efa-6944f73715d7/download/biblioteca_popular.csv HTTP/1.1" 200 None 18/02/2022 07:49:27 PM
Arvhico csv, bibliotecas actualizado. 18/02/2022 07:49:29 PM
Starting new HTTPS connection (1): datos.cultura.gob.ar:443 18/02/2022 07:49:29 PM
https://datos.cultura.gob.ar:443 "GET /dataset/37305de4-3cce-4d4b-9d9a-fec3ca61d09f/resource/392ce1a8-ef11-4776-b280-6f1c7fae16ae/download/cine.csv HTTP/1.1" 200 96427 18/02/2022 07:49:31 PM
Arvhico csv, cines actualizado. 18/02/2022 07:49:31 PM
Failed to get database connection! 18/02/2022 07:49:55 PM
Error al crear las tablas 'tuple' object has no attribute '_run_ddl_visitor'  18/02/2022 07:49:55 PM
Failed to get database connection! 18/02/2022 07:50:20 PM
Datos Para Tabla total_data Preparados 18/02/2022 07:50:20 PM
No se pudieron guardar los datos 18/02/2022 07:50:20 PM
Finalizo la ejecucion. 18/02/2022 07:50:20 PM
Comienza la ejecucion. 18/02/2022 07:51:58 PM
Starting new HTTPS connection (1): datos.cultura.gob.ar:443 18/02/2022 07:51:58 PM
https://datos.cultura.gob.ar:443 "GET /dataset/37305de4-3cce-4d4b-9d9a-fec3ca61d09f/resource/4207def0-2ff7-41d5-9095-d42ae8207a5d/download/mueo.csv HTTP/1.1" 200 None 18/02/2022 07:51:59 PM
Arvhico csv, museos actualizado. 18/02/2022 07:52:01 PM
Starting new HTTPS connection (1): datos.cultura.gob.ar:443 18/02/2022 07:52:01 PM
https://datos.cultura.gob.ar:443 "GET /dataset/37305de4-3cce-4d4b-9d9a-fec3ca61d09f/resource/01c6c048-dbeb-44e0-8efa-6944f73715d7/download/biblioteca_popular.csv HTTP/1.1" 200 511527 18/02/2022 07:52:03 PM
Arvhico csv, bibliotecas actualizado. 18/02/2022 07:52:04 PM
Starting new HTTPS connection (1): datos.cultura.gob.ar:443 18/02/2022 07:52:04 PM
https://datos.cultura.gob.ar:443 "GET /dataset/37305de4-3cce-4d4b-9d9a-fec3ca61d09f/resource/392ce1a8-ef11-4776-b280-6f1c7fae16ae/download/cine.csv HTTP/1.1" 200 96427 18/02/2022 07:52:06 PM
Arvhico csv, cines actualizado. 18/02/2022 07:52:06 PM
Connection, engine, ok!  18/02/2022 07:52:06 PM
Tablas Creadas 18/02/2022 07:52:06 PM
Connection, engine, ok!  18/02/2022 07:52:06 PM
Datos Para Tabla total_data Preparados 18/02/2022 07:52:06 PM
Datos de Museos, Salas de Cine y Bibliotecas Populares Guardados en tabla total_data 18/02/2022 07:52:07 PM
Datos Para Tabla registros_x_categoria Preparados 18/02/2022 07:52:07 PM
Datos de Cantidades Conjuntas Guardados en la tabla registros_x_categoria 18/02/2022 07:52:07 PM
Datos Para Tabla cine_data Preparados 18/02/2022 07:52:07 PM
Datos de Cine Guardados en la tabla cine_data 18/02/2022 07:52:07 PM
Finalizo la ejecucion. 18/02/2022 07:52:07 PM
Comienza la ejecucion. 18/02/2022 07:54:05 PM
Starting new HTTPS connection (1): datos.cultura.gob.ar:443 18/02/2022 07:54:05 PM
https://datos.cultura.gob.ar:443 "GET /dataset/37305de4-3cce-4d4b-9d9a-fec3ca61d09f/resource/4207def0-2ff7-41d5-9095-d42ae8207a5d/downloadmuseo.csv HTTP/1.1" 404 None 18/02/2022 07:54:06 PM
No se puso establecer una coneccion con el link de museos  18/02/2022 07:54:06 PM
NoneType: None
Starting new HTTPS connection (1): datos.cultura.gob.ar:443 18/02/2022 07:54:06 PM
https://datos.cultura.gob.ar:443 "GET /dataset/37305de4-3cce-4d4b-9d9a-fec3ca61d09f/resource/01c6c048-dbeb-44e0-8efa-6944f73715d7/download/biblioteca_popular.csv HTTP/1.1" 200 511527 18/02/2022 07:54:08 PM
Arvhico csv, bibliotecas actualizado. 18/02/2022 07:54:09 PM
Starting new HTTPS connection (1): datos.cultura.gob.ar:443 18/02/2022 07:54:09 PM
https://datos.cultura.gob.ar:443 "GET /dataset/37305de4-3cce-4d4b-9d9a-fec3ca61d09f/resource/392ce1a8-ef11-4776-b280-6f1c7fae16ae/download/cine.csv HTTP/1.1" 200 96427 18/02/2022 07:54:11 PM
Arvhico csv, cines actualizado. 18/02/2022 07:54:11 PM
Connection, engine, ok!  18/02/2022 07:54:11 PM
Tablas Creadas 18/02/2022 07:54:11 PM
Connection, engine, ok!  18/02/2022 07:54:11 PM
Datos Para Tabla total_data Preparados 18/02/2022 07:54:12 PM
Datos de Museos, Salas de Cine y Bibliotecas Populares Guardados en tabla total_data 18/02/2022 07:54:12 PM
Datos Para Tabla registros_x_categoria Preparados 18/02/2022 07:54:12 PM
Datos de Cantidades Conjuntas Guardados en la tabla registros_x_categoria 18/02/2022 07:54:12 PM
Datos Para Tabla cine_data Preparados 18/02/2022 07:54:12 PM
Datos de Cine Guardados en la tabla cine_data 18/02/2022 07:54:12 PM
Finalizo la ejecucion. 18/02/2022 07:54:12 PM
Comienza la ejecucion. 18/02/2022 07:58:19 PM
Starting new HTTPS connection (1): datos.cultura.gob.ar:443 18/02/2022 07:58:19 PM
https://datos.cultura.gob.ar:443 "GET /dataset/37305de4-3cce-4d4b-9d9a-fec3ca61d09f/resource/4207def0-2ff7-41d5-9095-d42ae8207a5d/downloadmuseo.csv HTTP/1.1" 404 None 18/02/2022 07:58:21 PM
No se puso establecer una coneccion con el link de museos  18/02/2022 07:58:21 PM
NoneType: None
Starting new HTTPS connection (1): datos.cultura.gob.ar:443 18/02/2022 07:58:21 PM
https://datos.cultura.gob.ar:443 "GET /dataset/37305de4-3cce-4d4b-9d9a-fec3ca61d09f/resource/01c6c048-dbeb-44e0-8efa-6944f73715d7/download/biblioteca_popular.csv HTTP/1.1" 200 None 18/02/2022 07:58:22 PM
Arvhico csv, bibliotecas actualizado. 18/02/2022 07:58:24 PM
Starting new HTTPS connection (1): datos.cultura.gob.ar:443 18/02/2022 07:58:24 PM
https://datos.cultura.gob.ar:443 "GET /dataset/37305de4-3cce-4d4b-9d9a-fec3ca61d09f/resource/392ce1a8-ef11-4776-b280-6f1c7fae16ae/download/cine.csv HTTP/1.1" 200 96427 18/02/2022 07:58:26 PM
Arvhico csv, cines actualizado. 18/02/2022 07:58:27 PM
Connection, engine, ok!  18/02/2022 07:58:27 PM
Tablas Creadas 18/02/2022 07:58:27 PM
Connection, engine, ok!  18/02/2022 07:58:27 PM
No se pudieron guardar los datos 18/02/2022 07:58:27 PM
Finalizo la ejecucion. 18/02/2022 07:58:27 PM
Comienza la ejecucion. 18/02/2022 08:00:52 PM
Starting new HTTPS connection (1): datos.cultura.gob.ar:443 18/02/2022 08:00:52 PM
https://datos.cultura.gob.ar:443 "GET /dataset/37305de4-3cce-4d4b-9d9a-fec3ca61d09f/resource/4207def0-2ff7-41d5-9095-d42ae8207a5d/download/museo.csv HTTP/1.1" 200 307629 18/02/2022 08:00:54 PM
Arvhico csv, museos actualizado. 18/02/2022 08:00:56 PM
Starting new HTTPS connection (1): datos.cultura.gob.ar:443 18/02/2022 08:00:56 PM
https://datos.cultura.gob.ar:443 "GET /dataset/37305de4-3cce-4d4b-9d9a-fec3ca61d09f/resource/01c6c048-dbeb-44e0-8efa-6944f73715d7/download/biblioteca_popular.csv HTTP/1.1" 200 None 18/02/2022 08:00:57 PM
Arvhico csv, bibliotecas actualizado. 18/02/2022 08:00:58 PM
Starting new HTTPS connection (1): datos.cultura.gob.ar:443 18/02/2022 08:00:58 PM
https://datos.cultura.gob.ar:443 "GET /dataset/37305de4-3cce-4d4b-9d9a-fec3ca61d09f/resource/392ce1a8-ef11-4776-b280-6f1c7fae16ae/download/cine.csv HTTP/1.1" 200 96427 18/02/2022 08:01:00 PM
Arvhico csv, cines actualizado. 18/02/2022 08:01:01 PM
Connection, engine, ok!  18/02/2022 08:01:01 PM
Tablas Creadas 18/02/2022 08:01:01 PM
Connection, engine, ok!  18/02/2022 08:01:02 PM
Datos Para Tabla total_data Preparados 18/02/2022 08:01:02 PM
Datos de Museos, Salas de Cine y Bibliotecas Populares Guardados en tabla total_data 18/02/2022 08:01:03 PM
Datos Para Tabla registros_x_categoria Preparados 18/02/2022 08:01:03 PM
Datos de Cantidades Conjuntas Guardados en la tabla registros_x_categoria 18/02/2022 08:01:04 PM
Datos Para Tabla cine_data Preparados 18/02/2022 08:01:04 PM
Datos de Cine Guardados en la tabla cine_data 18/02/2022 08:01:04 PM
Finalizo la ejecucion. 18/02/2022 08:01:04 PM
